c:\users\yoric\documents\github\unpl-miniproject2033-elevatorupanddown4\floors\debug\vc143.pdb
c:\users\yoric\documents\github\unpl-miniproject2033-elevatorupanddown4\floors\debug\vc143.idb
c:\users\yoric\documents\github\unpl-miniproject2033-elevatorupanddown4\floors\debug\packet_reader.obj
c:\users\yoric\documents\github\unpl-miniproject2033-elevatorupanddown4\floors\debug\packet_definitions.obj
c:\users\yoric\documents\github\unpl-miniproject2033-elevatorupanddown4\floors\debug\main.obj
c:\users\yoric\documents\github\unpl-miniproject2033-elevatorupanddown4\floors\debug\floor_logic.obj
c:\users\yoric\documents\github\unpl-miniproject2033-elevatorupanddown4\floors\debug\socket_client.obj
c:\users\yoric\documents\github\unpl-miniproject2033-elevatorupanddown4\floors\debug\ntk.obj
c:\users\yoric\documents\github\unpl-miniproject2033-elevatorupanddown4\floors\debug\osco.obj
c:\users\yoric\documents\github\unpl-miniproject2033-elevatorupanddown4\floors\debug\floor.exe
c:\users\yoric\documents\github\unpl-miniproject2033-elevatorupanddown4\floors\debug\floor.ilk
c:\users\yoric\documents\github\unpl-miniproject2033-elevatorupanddown4\floors\debug\floor.pdb
c:\users\yoric\documents\github\unpl-miniproject2033-elevatorupanddown4\floors\debug\ntk_5.4.obj
c:\users\yoric\documents\github\unpl-miniproject2033-elevatorupanddown4\floors\debug\floor_logic.obj.enc
c:\users\yoric\documents\github\unpl-miniproject2033-elevatorupanddown4\floors\debug\miniproject.ilk
c:\users\yoric\documents\github\unpl-miniproject2033-elevatorupanddown4\floors\debug\process_thread.ilk
c:\users\yoric\documents\github\unpl-miniproject2033-elevatorupanddown4\floors\debug\vc142.idb
c:\users\yoric\documents\github\unpl-miniproject2033-elevatorupanddown4\floors\debug\miniproject.pdb
c:\users\yoric\documents\github\unpl-miniproject2033-elevatorupanddown4\floors\debug\process_thread.pdb
c:\users\yoric\documents\github\unpl-miniproject2033-elevatorupanddown4\floors\debug\vc142.pdb
c:\users\yoric\documents\github\unpl-miniproject2033-elevatorupanddown4\floors\debug\floor.tlog\cl.command.1.tlog
c:\users\yoric\documents\github\unpl-miniproject2033-elevatorupanddown4\floors\debug\floor.tlog\cl.read.1.tlog
c:\users\yoric\documents\github\unpl-miniproject2033-elevatorupanddown4\floors\debug\floor.tlog\cl.write.1.tlog
c:\users\yoric\documents\github\unpl-miniproject2033-elevatorupanddown4\floors\debug\floor.tlog\link.command.1.tlog
c:\users\yoric\documents\github\unpl-miniproject2033-elevatorupanddown4\floors\debug\floor.tlog\link.read.1.tlog
c:\users\yoric\documents\github\unpl-miniproject2033-elevatorupanddown4\floors\debug\floor.tlog\link.write.1.tlog
