C:\Program Files\Microsoft Visual Studio\2022\Community\MSBuild\Microsoft\VC\v170\Microsoft.CppBuild.targets(514,5): warning MSB8028: The intermediate directory (Debug\) contains files shared from another project (miniproject.vcxproj, Process_Thread.vcxproj).  This can lead to incorrect clean and rebuild behavior.
  socket_client.c
C:\Users\yoric\Documents\GitHub\unpl-miniproject2033-elevatorupanddown4\floors\socket_client.c(97,44): warning C4047: '=': 'char' differs in levels of indirection from 'void *'
C:\Users\yoric\Documents\GitHub\unpl-miniproject2033-elevatorupanddown4\floors\socket_client.c(125,44): warning C4047: '=': 'char' differs in levels of indirection from 'void *'
  floor_logic.c
C:\Users\yoric\Documents\GitHub\unpl-miniproject2033-elevatorupanddown4\floors\src\floor_logic.c(18,2): warning C4013: 'printf' undefined; assuming extern returning int
C:\Users\yoric\Documents\GitHub\unpl-miniproject2033-elevatorupanddown4\floors\src\floor_logic.c(26,20): warning C4047: 'function': 'char *' differs in levels of indirection from 'char *[32]'
C:\Users\yoric\Documents\GitHub\unpl-miniproject2033-elevatorupanddown4\floors\src\floor_logic.c(26,12): warning C4024: 'rand_str': different types for formal and actual parameter 1
C:\Users\yoric\Documents\GitHub\unpl-miniproject2033-elevatorupanddown4\floors\src\floor_logic.c(29,23): warning C4047: '=': 'char *' differs in levels of indirection from 'char **'
  main.c
  packet_definitions.c
C:\Users\yoric\Documents\GitHub\unpl-miniproject2033-elevatorupanddown4\floors\src\packet_definitions.c(71,9): warning C4477: 'printf' : format string '%s' requires an argument of type 'char *', but variadic argument 1 has type 'int'
C:\Users\yoric\Documents\GitHub\unpl-miniproject2033-elevatorupanddown4\floors\src\packet_definitions.c(71,9): warning C4473: 'printf' : not enough arguments passed for format string
C:\Users\yoric\Documents\GitHub\unpl-miniproject2033-elevatorupanddown4\floors\src\packet_definitions.c(71,9): message : placeholders and their parameters expect 4 variadic arguments, but 3 were provided
C:\Users\yoric\Documents\GitHub\unpl-miniproject2033-elevatorupanddown4\floors\src\packet_definitions.c(71,9): message : the missing variadic argument 4 is required by format string '%d'
  Generating Code...
C:\Users\yoric\Documents\GitHub\unpl-miniproject2033-elevatorupanddown4\floors\src\floor_logic.c(56): warning C4716: 'floor_thread': must return a value
C:\Users\yoric\Documents\GitHub\unpl-miniproject2033-elevatorupanddown4\floors\src\floor_logic.c(116): warning C4716: 'spawn_outside': must return a value
C:\Users\yoric\Documents\GitHub\unpl-miniproject2033-elevatorupanddown4\floors\src\floor_logic.c(154): warning C4716: 'spanw_floor': must return a value
C:\Users\yoric\Documents\GitHub\unpl-miniproject2033-elevatorupanddown4\floors\src\floor_logic.c(226): warning C4715: 'get_appartment_floor': not all control paths return a value
C:\Users\yoric\Documents\GitHub\unpl-miniproject2033-elevatorupanddown4\floors\socket_client.c(110): warning C4715: 'listener': not all control paths return a value
C:\Users\yoric\Documents\GitHub\unpl-miniproject2033-elevatorupanddown4\floors\socket_client.c(129): warning C4715: 'message_handler': not all control paths return a value
C:\Users\yoric\Documents\GitHub\unpl-miniproject2033-elevatorupanddown4\floors\socket_client.c(145): warning C4715: 'send_message_elevator': not all control paths return a value
C:\Users\yoric\Documents\GitHub\unpl-miniproject2033-elevatorupanddown4\floors\socket_client.c(153): warning C4715: 'send_message_floor': not all control paths return a value
C:\Users\yoric\Documents\GitHub\unpl-miniproject2033-elevatorupanddown4\floors\socket_client.c(165): warning C4715: 'send_message_server': not all control paths return a value
  General C.vcxproj -> C:\Users\yoric\Documents\GitHub\unpl-miniproject2033-elevatorupanddown4\floors\Debug\floor.exe
